<?xml version="1.0" encoding="UTF-8"?>

<test driverID="test_regression" name="test-1399">
    <description>test</description>
    <files>
        <file path="regress_case/${testName}" />
    </files>
    <rules>
       <platformRule OSFamily="Linux" runOnThisPlatform="false" />
    </rules>
</test>
