<?xml version="1.0" encoding="UTF-8"?>

<test driverID="test_regression" name="test-1582">
    <description>test</description>
    <files>
        <file path="regress_case/${testName}" />
    </files>
    <rules>
       <platformRule OSFamily="Windows" runOnThisPlatform="false" />
       <platformRule OSFamily="Linux" kit="CUDA9.2" kitRange="OLDER" runOnThisPlatform="false"/>
    </rules>
</test>
