<?xml version="1.0" encoding="UTF-8"?>

<test driverID="test_regression" name="test-1247">
   <description></description>
   <files>
       <file path="regress_case/${testName}" />
   </files>
   <rules>
     <optlevelRule excludeOptlevelNameString="usmnone" />
     <optlevelRule excludeOptlevelNameString="acc" />
     <platformRule OSFamily="Windows" runOnThisPlatform="false" />
   </rules>
</test>
